<?xml version="1.0" encoding="UTF-8"?>
<!-- Generated by org.testng.reporters.JUnitXMLReporter -->
<testsuite ignored="0" hostname="RonaldTolentino" failures="1" tests="1" name="TestChrome" time="31.616" errors="0" timestamp="2025-05-18T17:56:37 PST">
  <testcase classname="testCases.TC001_ValidateRegistration" name="register" time="1.625">
    <failure type="java.lang.AssertionError" message="expected [true] but found [false]">
      <![CDATA[java.lang.AssertionError: expected [true] but found [false]
at testCases.TC001_ValidateRegistration.register(TC001_ValidateRegistration.java:52)
at java.base/java.util.ArrayList.forEach(ArrayList.java:1596)
... Removed 29 stack frames]]>
    </failure>
  </testcase> <!-- register -->
</testsuite> <!-- TestChrome -->
